  [1m[36m (1.0ms)[0m  [1mCREATE TABLE "schema_migrations" ("version" varchar(255) NOT NULL) [0m
  [1m[35m (0.1ms)[0m  select sqlite_version(*)
  [1m[36m (0.8ms)[0m  [1mCREATE UNIQUE INDEX "unique_schema_migrations" ON "schema_migrations" ("version")[0m
  [1m[35mActiveRecord::SchemaMigration Load (0.1ms)[0m  SELECT "schema_migrations".* FROM "schema_migrations"
Migrating to CreateProjects (20130228190011)
  [1m[36m (0.1ms)[0m  [1mbegin transaction[0m
  [1m[35m (0.4ms)[0m  CREATE TABLE "projects" ("id" INTEGER PRIMARY KEY AUTOINCREMENT NOT NULL, "name" varchar(255), "description" text, "target_pledge_amount" decimal, "created_at" datetime, "updated_at" datetime) 
  [1m[36mSQL (0.2ms)[0m  [1mINSERT INTO "schema_migrations" ("version") VALUES (?)[0m  [["version", "20130228190011"]]
  [1m[35m (0.7ms)[0m  commit transaction
Migrating to AddFieldsToProjects (20130228190204)
  [1m[36m (0.1ms)[0m  [1mbegin transaction[0m
  [1m[35m (0.4ms)[0m  ALTER TABLE "projects" ADD "website" varchar(255)
  [1m[36m (0.2ms)[0m  [1mALTER TABLE "projects" ADD "pledging_ends_on" date[0m
  [1m[35mSQL (0.1ms)[0m  INSERT INTO "schema_migrations" ("version") VALUES (?)  [["version", "20130228190204"]]
  [1m[36m (0.7ms)[0m  [1mcommit transaction[0m
Migrating to AddMoreFieldsToProjects (20130228222855)
  [1m[35m (0.1ms)[0m  begin transaction
  [1m[36m (0.3ms)[0m  [1mALTER TABLE "projects" ADD "team_members" varchar(255)[0m
  [1m[35m (0.1ms)[0m  ALTER TABLE "projects" ADD "image_file_name" varchar(255)
  [1m[36mSQL (0.1ms)[0m  [1mINSERT INTO "schema_migrations" ("version") VALUES (?)[0m  [["version", "20130228222855"]]
  [1m[35m (1.0ms)[0m  commit transaction
  [1m[36mActiveRecord::SchemaMigration Load (0.1ms)[0m  [1mSELECT "schema_migrations".* FROM "schema_migrations"[0m
  [1m[36mActiveRecord::SchemaMigration Load (0.1ms)[0m  [1mSELECT "schema_migrations".* FROM "schema_migrations"[0m
  [1m[35m (0.1ms)[0m  begin transaction
  [1m[36mSQL (0.5ms)[0m  [1mINSERT INTO "projects" ("created_at", "description", "image_file_name", "name", "pledging_ends_on", "target_pledge_amount", "team_members", "updated_at", "website") VALUES (?, ?, ?, ?, ?, ?, ?, ?, ?)[0m  [["created_at", "2015-05-29 22:16:03.871471"], ["description", "A description of a start-up project"], ["image_file_name", "project-a.png"], ["name", "Start-Up Project"], ["pledging_ends_on", "2015-05-30"], ["target_pledge_amount", 100.0], ["team_members", "Amber, John, Charles"], ["updated_at", "2015-05-29 22:16:03.871471"], ["website", "http://project-a.com"]]
  [1m[35m (0.9ms)[0m  commit transaction
  [1m[36m (0.0ms)[0m  [1mbegin transaction[0m
  [1m[35mSQL (0.2ms)[0m  INSERT INTO "projects" ("created_at", "description", "image_file_name", "name", "pledging_ends_on", "target_pledge_amount", "team_members", "updated_at", "website") VALUES (?, ?, ?, ?, ?, ?, ?, ?, ?)  [["created_at", "2015-05-29 22:16:03.877794"], ["description", "A description of a community project"], ["image_file_name", "project-b.png"], ["name", "Community Project"], ["pledging_ends_on", "2015-06-05"], ["target_pledge_amount", 200.0], ["team_members", "Diana, Jane, Joe"], ["updated_at", "2015-05-29 22:16:03.877794"], ["website", "http://project-b.com"]]
  [1m[36m (0.7ms)[0m  [1mcommit transaction[0m
  [1m[35m (0.0ms)[0m  begin transaction
  [1m[36mSQL (0.1ms)[0m  [1mINSERT INTO "projects" ("created_at", "description", "image_file_name", "name", "pledging_ends_on", "target_pledge_amount", "team_members", "updated_at", "website") VALUES (?, ?, ?, ?, ?, ?, ?, ?, ?)[0m  [["created_at", "2015-05-29 22:16:03.879868"], ["description", "A description of a person project"], ["image_file_name", "project-c.png"], ["name", "Personal Project"], ["pledging_ends_on", "2015-06-29"], ["target_pledge_amount", 300.0], ["team_members", "Tom, Harry, Sally"], ["updated_at", "2015-05-29 22:16:03.879868"], ["website", "http://project-c.com"]]
  [1m[35m (0.9ms)[0m  commit transaction
  [1m[36m (1.5ms)[0m  [1mCREATE TABLE "projects" ("id" INTEGER PRIMARY KEY AUTOINCREMENT NOT NULL, "name" varchar(255), "description" text, "target_pledge_amount" decimal, "created_at" datetime, "updated_at" datetime, "website" varchar(255), "pledging_ends_on" date, "team_members" varchar(255), "image_file_name" varchar(255)) [0m
  [1m[35m (1.4ms)[0m  CREATE TABLE "schema_migrations" ("version" varchar(255) NOT NULL) 
  [1m[36m (0.1ms)[0m  [1mselect sqlite_version(*)[0m
  [1m[35m (1.4ms)[0m  CREATE UNIQUE INDEX "unique_schema_migrations" ON "schema_migrations" ("version")
  [1m[36m (0.1ms)[0m  [1mSELECT version FROM "schema_migrations"[0m
  [1m[35m (1.2ms)[0m  INSERT INTO "schema_migrations" (version) VALUES ('20130228222855')
  [1m[36m (1.1ms)[0m  [1mINSERT INTO "schema_migrations" (version) VALUES ('20130228190011')[0m
  [1m[35m (1.0ms)[0m  INSERT INTO "schema_migrations" (version) VALUES ('20130228190204')


Started GET "/" for 127.0.0.1 at 2015-05-29 17:16:41 -0500
  [1m[36mActiveRecord::SchemaMigration Load (0.1ms)[0m  [1mSELECT "schema_migrations".* FROM "schema_migrations"[0m
Processing by ProjectsController#index as HTML
  [1m[35mProject Load (0.2ms)[0m  SELECT "projects".* FROM "projects"  WHERE (pledging_ends_on >= '2015-05-29 22:16:41.391520')  ORDER BY pledging_ends_on asc
  Rendered projects/index.html.erb within layouts/application (27.3ms)
  Rendered layouts/_header.html.erb (0.6ms)
  Rendered layouts/_sidebar.html.erb (0.7ms)
  Rendered layouts/_footer.html.erb (0.2ms)
Completed 200 OK in 1830ms (Views: 1818.3ms | ActiveRecord: 0.4ms)


Started GET "/assets/projects.css?body=1" for 127.0.0.1 at 2015-05-29 17:16:43 -0500


Started GET "/assets/application.css?body=1" for 127.0.0.1 at 2015-05-29 17:16:43 -0500


Started GET "/assets/buttons.css?body=1" for 127.0.0.1 at 2015-05-29 17:16:43 -0500


Started GET "/assets/elements.css?body=1" for 127.0.0.1 at 2015-05-29 17:16:43 -0500


Started GET "/assets/normalize.css?body=1" for 127.0.0.1 at 2015-05-29 17:16:43 -0500


Started GET "/assets/layout.css?body=1" for 127.0.0.1 at 2015-05-29 17:16:43 -0500


Started GET "/assets/forms.css?body=1" for 127.0.0.1 at 2015-05-29 17:16:43 -0500


Started GET "/assets/jquery.js?body=1" for 127.0.0.1 at 2015-05-29 17:16:43 -0500


Started GET "/assets/jquery_ujs.js?body=1" for 127.0.0.1 at 2015-05-29 17:16:43 -0500


Started GET "/assets/projects.js?body=1" for 127.0.0.1 at 2015-05-29 17:16:43 -0500


Started GET "/assets/turbolinks.js?body=1" for 127.0.0.1 at 2015-05-29 17:16:43 -0500


Started GET "/assets/application.js?body=1" for 127.0.0.1 at 2015-05-29 17:16:43 -0500


Started GET "/assets/project-c.png" for 127.0.0.1 at 2015-05-29 17:16:43 -0500


Started GET "/assets/project-b.png" for 127.0.0.1 at 2015-05-29 17:16:43 -0500


Started GET "/assets/project-a.png" for 127.0.0.1 at 2015-05-29 17:16:43 -0500


Started GET "/assets/logo.png" for 127.0.0.1 at 2015-05-29 17:16:43 -0500


Started GET "/assets/arrow.png" for 127.0.0.1 at 2015-05-29 17:16:43 -0500


Started GET "/assets/background.jpg" for 127.0.0.1 at 2015-05-29 17:16:43 -0500


Started GET "/assets/add.png" for 127.0.0.1 at 2015-05-29 17:16:43 -0500
